<?xml version="1.0" encoding="UTF-8"?>
<testng-results total="1" passed="1" failed="0" skipped="0">
  <reporter-output>
  </reporter-output>
  <suite started-at="2024-01-19T11:07:48Z" name="Surefire suite" finished-at="2024-01-19T11:07:48Z" duration-ms="10">
    <groups>
    </groups>
    <test started-at="2024-01-19T11:07:48Z" name="Surefire test" finished-at="2024-01-19T11:07:48Z" duration-ms="10">
      <class name="BinarySearch.LowerBoundTest">
        <test-method is-config="true" signature="setup()" started-at="2024-01-19T11:07:48Z" name="setup" finished-at="2024-01-19T11:07:48Z" duration-ms="4" status="PASS">
        </test-method>
        <test-method signature="testApproach1()" started-at="2024-01-19T11:07:48Z" name="testApproach1" finished-at="2024-01-19T11:07:48Z" duration-ms="2" status="PASS">
        </test-method>
      </class>
    </test>
  </suite>
</testng-results>
